build/outputs/logs/manifest-merger-debug-report.txt
-- Merging decision tree log ---
manifest
ADDED from DroidUpdate\AndroidManifest.xml:2:1-43:12
	package
		ADDED from DroidUpdate\AndroidManifest.xml:3:5-30
		INJECTED from DroidUpdate\AndroidManifest.xml
		INJECTED from DroidUpdate\AndroidManifest.xml
	android:versionName
		ADDED from DroidUpdate\AndroidManifest.xml:5:5-30
		INJECTED from DroidUpdate\AndroidManifest.xml
		INJECTED from DroidUpdate\AndroidManifest.xml
	android:versionCode
		ADDED from DroidUpdate\AndroidManifest.xml:4:5-28
		INJECTED from DroidUpdate\AndroidManifest.xml
		INJECTED from DroidUpdate\AndroidManifest.xml
	xmlns:android
		ADDED from DroidUpdate\AndroidManifest.xml:2:11-69
uses-sdk
ADDED from DroidUpdate\AndroidManifest.xml:7:5-9:41
MERGED from [com.android.support:multidex:1.0.1] AndroidManifest.xml:18:5-42
	android:targetSdkVersion
		ADDED from DroidUpdate\AndroidManifest.xml:9:9-38
		INJECTED from DroidUpdate\AndroidManifest.xml
		INJECTED from DroidUpdate\AndroidManifest.xml
	android:minSdkVersion
		ADDED from DroidUpdate\AndroidManifest.xml:8:9-35
		INJECTED from DroidUpdate\AndroidManifest.xml
		INJECTED from DroidUpdate\AndroidManifest.xml
uses-permission#android.permission.READ_PHONE_STATE
ADDED from DroidUpdate\AndroidManifest.xml:11:5-75
	android:name
		ADDED from DroidUpdate\AndroidManifest.xml:11:22-72
uses-permission#android.permission.WRITE_EXTERNAL_STORAGE
ADDED from DroidUpdate\AndroidManifest.xml:12:5-81
	android:name
		ADDED from DroidUpdate\AndroidManifest.xml:12:22-78
uses-permission#android.permission.INTERNET
ADDED from DroidUpdate\AndroidManifest.xml:13:5-67
	android:name
		ADDED from DroidUpdate\AndroidManifest.xml:13:22-64
application
ADDED from DroidUpdate\AndroidManifest.xml:15:5-41:19
	android:label
		ADDED from DroidUpdate\AndroidManifest.xml:19:9-41
	android:allowBackup
		ADDED from DroidUpdate\AndroidManifest.xml:17:9-35
	android:icon
		ADDED from DroidUpdate\AndroidManifest.xml:18:9-45
	android:theme
		ADDED from DroidUpdate\AndroidManifest.xml:20:9-40
	android:name
		ADDED from DroidUpdate\AndroidManifest.xml:16:9-55
activity#com.droidupdate.MainActivity
ADDED from DroidUpdate\AndroidManifest.xml:21:9-29:20
	android:label
		ADDED from DroidUpdate\AndroidManifest.xml:23:13-45
	android:name
		ADDED from DroidUpdate\AndroidManifest.xml:22:13-56
intent-filter#android.intent.action.MAIN+android.intent.category.LAUNCHER
ADDED from DroidUpdate\AndroidManifest.xml:24:13-28:29
action#android.intent.action.MAIN
ADDED from DroidUpdate\AndroidManifest.xml:25:17-69
	android:name
		ADDED from DroidUpdate\AndroidManifest.xml:25:25-66
category#android.intent.category.LAUNCHER
ADDED from DroidUpdate\AndroidManifest.xml:27:17-77
	android:name
		ADDED from DroidUpdate\AndroidManifest.xml:27:27-74
receiver#com.droidupdate.BootReceiver
ADDED from DroidUpdate\AndroidManifest.xml:31:9-38:20
	android:name
		ADDED from DroidUpdate\AndroidManifest.xml:31:19-47
intent-filter#android.intent.action.PACKAGE_ADDED+android.intent.action.PACKAGE_REMOVED
ADDED from DroidUpdate\AndroidManifest.xml:32:13-37:29
action#android.intent.action.PACKAGE_ADDED
ADDED from DroidUpdate\AndroidManifest.xml:33:17-78
	android:name
		ADDED from DroidUpdate\AndroidManifest.xml:33:25-75
action#android.intent.action.PACKAGE_REMOVED
ADDED from DroidUpdate\AndroidManifest.xml:34:17-80
	android:name
		ADDED from DroidUpdate\AndroidManifest.xml:34:25-77
data
ADDED from DroidUpdate\AndroidManifest.xml:36:17-50
	android:scheme
		ADDED from DroidUpdate\AndroidManifest.xml:36:23-47
service#com.lzy.okhttpserver.download.DownloadService
ADDED from DroidUpdate\AndroidManifest.xml:40:9-80
	android:name
		ADDED from DroidUpdate\AndroidManifest.xml:40:18-78